<?xml version="1.0" encoding="UTF-8"?>
<!-- Generated by org.testng.reporters.JUnitReportReporter -->
<testsuite hostname="ASDP1498PO01976" name="Qainfotech.TestNg.DataProvider.DataProviderEx1" tests="7" failures="0" timestamp="1 Aug 2019 10:38:51 GMT" time="0.050" errors="0">
  <testcase name="testMethod" time="0.000" classname="Qainfotech.TestNg.DataProvider.DataProviderEx1"/>
  <testcase name="testMethod" time="0.020" classname="Qainfotech.TestNg.DataProvider.DataProviderEx1"/>
  <testcase name="testMethod" time="0.015" classname="Qainfotech.TestNg.DataProvider.DataProviderEx1"/>
  <testcase name="testMethod" time="0.000" classname="Qainfotech.TestNg.DataProvider.DataProviderEx1"/>
  <testcase name="testMethod" time="0.000" classname="Qainfotech.TestNg.DataProvider.DataProviderEx1"/>
  <testcase name="testMethod" time="0.015" classname="Qainfotech.TestNg.DataProvider.DataProviderEx1"/>
  <testcase name="testMethod" time="0.000" classname="Qainfotech.TestNg.DataProvider.DataProviderEx1"/>
</testsuite> <!-- Qainfotech.TestNg.DataProvider.DataProviderEx1 -->
