<?xml version="1.0" encoding="UTF-8"?>
<!-- Generated by org.testng.reporters.JUnitReportReporter -->
<testsuite hostname="ASDP1498PO01976" name="Qainfotech.TestNg.PageFactory.PageFactory1" tests="6" failures="0" timestamp="1 Aug 2019 10:39:53 GMT" time="0.016" errors="0">
  <testcase name="Test1" time="0.016" classname="Qainfotech.TestNg.PageFactory.PageFactory1"/>
  <testcase name="Test1" time="0.000" classname="Qainfotech.TestNg.PageFactory.PageFactory1"/>
  <testcase name="Test2" time="0.000" classname="Qainfotech.TestNg.PageFactory.PageFactory1"/>
  <testcase name="Test2" time="0.000" classname="Qainfotech.TestNg.PageFactory.PageFactory1"/>
  <testcase name="Test1" time="0.000" classname="Qainfotech.TestNg.PageFactory.PageFactory1"/>
  <testcase name="Test2" time="0.000" classname="Qainfotech.TestNg.PageFactory.PageFactory1"/>
</testsuite> <!-- Qainfotech.TestNg.PageFactory.PageFactory1 -->
