<?xml version="1.0" encoding="UTF-8"?>
<!-- Generated by org.testng.reporters.JUnitReportReporter -->
<testsuite hostname="ASDP1498PO01976" name="Qainfotech.TestNg.PageFactory1" tests="6" failures="0" timestamp="17 Jul 2019 10:16:46 GMT" time="0.018" errors="0">
  <testcase name="Test1" time="0.012" classname="Qainfotech.TestNg.PageFactory1"/>
  <testcase name="Test2" time="0.001" classname="Qainfotech.TestNg.PageFactory1"/>
  <testcase name="Test1" time="0.001" classname="Qainfotech.TestNg.PageFactory1"/>
  <testcase name="Test1" time="0.002" classname="Qainfotech.TestNg.PageFactory1"/>
  <testcase name="Test2" time="0.001" classname="Qainfotech.TestNg.PageFactory1"/>
  <testcase name="Test2" time="0.001" classname="Qainfotech.TestNg.PageFactory1"/>
</testsuite> <!-- Qainfotech.TestNg.PageFactory1 -->
