<?xml version="1.0" encoding="UTF-8"?>
<!-- Generated by org.testng.reporters.JUnitReportReporter -->
<testsuite hostname="ASDP1498PO01976" name="Qainfotech.TestNg.PageFactory" tests="2" failures="0" timestamp="17 Jul 2019 09:40:17 GMT" time="0.013" errors="0">
  <testcase name="Test1" time="0.011" classname="Qainfotech.TestNg.PageFactory"/>
  <testcase name="Test2" time="0.002" classname="Qainfotech.TestNg.PageFactory"/>
</testsuite> <!-- Qainfotech.TestNg.PageFactory -->
