<?xml version="1.0" encoding="UTF-8"?>
<!-- Generated by org.testng.reporters.JUnitReportReporter -->
<testsuite hostname="ASDP1498PO01976" name="Qainfotech.TestNg.DependsOnMethod.DependsOMethod_Ex" tests="10" failures="0" timestamp="1 Aug 2019 10:59:11 GMT" time="0.038" errors="0">
  <testcase name="a" time="0.000" classname="Qainfotech.TestNg.DependsOnMethod.DependsOMethod_Ex"/>
  <testcase name="e" time="0.000" classname="Qainfotech.TestNg.DependsOnMethod.DependsOMethod_Ex"/>
  <testcase name="h" time="0.000" classname="Qainfotech.TestNg.DependsOnMethod.DependsOMethod_Ex"/>
  <testcase name="c" time="0.000" classname="Qainfotech.TestNg.DependsOnMethod.DependsOMethod_Ex"/>
  <testcase name="j" time="0.000" classname="Qainfotech.TestNg.DependsOnMethod.DependsOMethod_Ex"/>
  <testcase name="g" time="0.016" classname="Qainfotech.TestNg.DependsOnMethod.DependsOMethod_Ex"/>
  <testcase name="b" time="0.000" classname="Qainfotech.TestNg.DependsOnMethod.DependsOMethod_Ex"/>
  <testcase name="f" time="0.000" classname="Qainfotech.TestNg.DependsOnMethod.DependsOMethod_Ex"/>
  <testcase name="i" time="0.000" classname="Qainfotech.TestNg.DependsOnMethod.DependsOMethod_Ex"/>
  <testcase name="d" time="0.022" classname="Qainfotech.TestNg.DependsOnMethod.DependsOMethod_Ex"/>
</testsuite> <!-- Qainfotech.TestNg.DependsOnMethod.DependsOMethod_Ex -->
